INFO  | 2022-07-22 11:29:48 | [main] service.EmployeeServiceImpl (EmployeeServiceImpl.java:30) - getAll method take 11044732 ns to execute
INFO  | 2022-07-22 11:44:43 | [main] service.EmployeeServiceImpl (EmployeeServiceImpl.java:31) - getAll method take 13647118 ns to execute
INFO  | 2022-07-23 12:17:59 | [main] util.LogHelper (LogHelper.java:31) - HHH000204: Processing PersistenceUnitInfo [
	name: kr_b1
	...]
INFO  | 2022-07-23 12:17:59 | [main] hibernate.Version (Version.java:45) - HHH000412: Hibernate Core {5.2.9.Final}
INFO  | 2022-07-23 12:17:59 | [main] cfg.Environment (Environment.java:213) - HHH000206: hibernate.properties not found
INFO  | 2022-07-23 12:17:59 | [main] java.JavaReflectionManager (JavaReflectionManager.java:66) - HCANN000001: Hibernate Commons Annotations {5.0.1.Final}
WARN  | 2022-07-23 12:17:59 | [main] internal.DriverManagerConnectionProviderImpl (DriverManagerConnectionProviderImpl.java:70) - HHH10001002: Using Hibernate built-in connection pool (not for production use!)
INFO  | 2022-07-23 12:17:59 | [main] internal.DriverManagerConnectionProviderImpl (DriverManagerConnectionProviderImpl.java:126) - HHH10001005: using driver [org.postgresql.Driver] at URL [jdbc:postgresql://localhost:5432/krbatch1]
INFO  | 2022-07-23 12:17:59 | [main] internal.DriverManagerConnectionProviderImpl (DriverManagerConnectionProviderImpl.java:135) - HHH10001001: Connection properties: {user=postgres, password=****}
INFO  | 2022-07-23 12:17:59 | [main] internal.DriverManagerConnectionProviderImpl (DriverManagerConnectionProviderImpl.java:140) - HHH10001003: Autocommit mode: false
INFO  | 2022-07-23 12:17:59 | [main] internal.PooledConnections (PooledConnections.java:41) - HHH000115: Hibernate connection pool size: 20 (min=1)
INFO  | 2022-07-23 12:17:59 | [main] dialect.Dialect (Dialect.java:157) - HHH000400: Using dialect: org.hibernate.dialect.PostgreSQL81Dialect
INFO  | 2022-07-23 12:18:00 | [main] internal.LobCreatorBuilderImpl (LobCreatorBuilderImpl.java:124) - HHH000424: Disabling contextual LOB creation as createClob() method threw error : java.lang.reflect.InvocationTargetException
INFO  | 2022-07-23 12:18:00 | [main] internal.DdlTransactionIsolatorNonJtaImpl (DdlTransactionIsolatorNonJtaImpl.java:47) - HHH10001501: Connection obtained from JdbcConnectionAccess [org.hibernate.engine.jdbc.env.internal.JdbcEnvironmentInitiator$ConnectionProviderJdbcConnectionAccess@4c5204af] for (non-JTA) DDL execution was not in auto-commit mode; the Connection 'local transaction' will be committed and the Connection will be set into auto-commit mode.
INFO  | 2022-07-23 12:18:00 | [main] internal.QueryTranslatorFactoryInitiator (QueryTranslatorFactoryInitiator.java:47) - HHH000397: Using ASTQueryTranslatorFactory
INFO  | 2022-07-23 12:18:00 | [main] service.EmployeeServiceImpl (EmployeeServiceImpl.java:29) - getAll method take 233571420 ns to execute
INFO  | 2022-07-23 12:19:54 | [main] util.LogHelper (LogHelper.java:31) - HHH000204: Processing PersistenceUnitInfo [
	name: kr_b1
	...]
INFO  | 2022-07-23 12:19:54 | [main] hibernate.Version (Version.java:45) - HHH000412: Hibernate Core {5.2.9.Final}
INFO  | 2022-07-23 12:19:54 | [main] cfg.Environment (Environment.java:213) - HHH000206: hibernate.properties not found
INFO  | 2022-07-23 12:19:54 | [main] java.JavaReflectionManager (JavaReflectionManager.java:66) - HCANN000001: Hibernate Commons Annotations {5.0.1.Final}
WARN  | 2022-07-23 12:19:54 | [main] internal.DriverManagerConnectionProviderImpl (DriverManagerConnectionProviderImpl.java:70) - HHH10001002: Using Hibernate built-in connection pool (not for production use!)
INFO  | 2022-07-23 12:19:54 | [main] internal.DriverManagerConnectionProviderImpl (DriverManagerConnectionProviderImpl.java:126) - HHH10001005: using driver [org.postgresql.Driver] at URL [jdbc:postgresql://localhost:5432/krbatch1]
INFO  | 2022-07-23 12:19:54 | [main] internal.DriverManagerConnectionProviderImpl (DriverManagerConnectionProviderImpl.java:135) - HHH10001001: Connection properties: {user=postgres, password=****}
INFO  | 2022-07-23 12:19:54 | [main] internal.DriverManagerConnectionProviderImpl (DriverManagerConnectionProviderImpl.java:140) - HHH10001003: Autocommit mode: false
INFO  | 2022-07-23 12:19:54 | [main] internal.PooledConnections (PooledConnections.java:41) - HHH000115: Hibernate connection pool size: 20 (min=1)
INFO  | 2022-07-23 12:19:55 | [main] dialect.Dialect (Dialect.java:157) - HHH000400: Using dialect: org.hibernate.dialect.PostgreSQL81Dialect
INFO  | 2022-07-23 12:19:55 | [main] internal.LobCreatorBuilderImpl (LobCreatorBuilderImpl.java:124) - HHH000424: Disabling contextual LOB creation as createClob() method threw error : java.lang.reflect.InvocationTargetException
INFO  | 2022-07-23 12:19:55 | [main] internal.DdlTransactionIsolatorNonJtaImpl (DdlTransactionIsolatorNonJtaImpl.java:47) - HHH10001501: Connection obtained from JdbcConnectionAccess [org.hibernate.engine.jdbc.env.internal.JdbcEnvironmentInitiator$ConnectionProviderJdbcConnectionAccess@4c5204af] for (non-JTA) DDL execution was not in auto-commit mode; the Connection 'local transaction' will be committed and the Connection will be set into auto-commit mode.
INFO  | 2022-07-23 12:19:56 | [main] internal.QueryTranslatorFactoryInitiator (QueryTranslatorFactoryInitiator.java:47) - HHH000397: Using ASTQueryTranslatorFactory
INFO  | 2022-07-23 12:19:56 | [main] service.EmployeeServiceImpl (EmployeeServiceImpl.java:29) - getAll method take 221107655 ns to execute
INFO  | 2022-07-23 12:20:52 | [main] util.LogHelper (LogHelper.java:31) - HHH000204: Processing PersistenceUnitInfo [
	name: kr_b1
	...]
INFO  | 2022-07-23 12:20:53 | [main] hibernate.Version (Version.java:45) - HHH000412: Hibernate Core {5.2.9.Final}
INFO  | 2022-07-23 12:20:53 | [main] cfg.Environment (Environment.java:213) - HHH000206: hibernate.properties not found
INFO  | 2022-07-23 12:20:53 | [main] java.JavaReflectionManager (JavaReflectionManager.java:66) - HCANN000001: Hibernate Commons Annotations {5.0.1.Final}
WARN  | 2022-07-23 12:20:53 | [main] internal.DriverManagerConnectionProviderImpl (DriverManagerConnectionProviderImpl.java:70) - HHH10001002: Using Hibernate built-in connection pool (not for production use!)
INFO  | 2022-07-23 12:20:53 | [main] internal.DriverManagerConnectionProviderImpl (DriverManagerConnectionProviderImpl.java:126) - HHH10001005: using driver [org.postgresql.Driver] at URL [jdbc:postgresql://localhost:5432/krbatch1]
INFO  | 2022-07-23 12:20:53 | [main] internal.DriverManagerConnectionProviderImpl (DriverManagerConnectionProviderImpl.java:135) - HHH10001001: Connection properties: {user=postgres, password=****}
INFO  | 2022-07-23 12:20:53 | [main] internal.DriverManagerConnectionProviderImpl (DriverManagerConnectionProviderImpl.java:140) - HHH10001003: Autocommit mode: false
INFO  | 2022-07-23 12:20:53 | [main] internal.PooledConnections (PooledConnections.java:41) - HHH000115: Hibernate connection pool size: 20 (min=1)
INFO  | 2022-07-23 12:20:53 | [main] dialect.Dialect (Dialect.java:157) - HHH000400: Using dialect: org.hibernate.dialect.PostgreSQL81Dialect
INFO  | 2022-07-23 12:20:53 | [main] internal.LobCreatorBuilderImpl (LobCreatorBuilderImpl.java:124) - HHH000424: Disabling contextual LOB creation as createClob() method threw error : java.lang.reflect.InvocationTargetException
INFO  | 2022-07-23 12:20:54 | [main] internal.DdlTransactionIsolatorNonJtaImpl (DdlTransactionIsolatorNonJtaImpl.java:47) - HHH10001501: Connection obtained from JdbcConnectionAccess [org.hibernate.engine.jdbc.env.internal.JdbcEnvironmentInitiator$ConnectionProviderJdbcConnectionAccess@4c5204af] for (non-JTA) DDL execution was not in auto-commit mode; the Connection 'local transaction' will be committed and the Connection will be set into auto-commit mode.
INFO  | 2022-07-23 12:20:54 | [main] internal.QueryTranslatorFactoryInitiator (QueryTranslatorFactoryInitiator.java:47) - HHH000397: Using ASTQueryTranslatorFactory
INFO  | 2022-07-23 12:20:54 | [main] service.EmployeeServiceImpl (EmployeeServiceImpl.java:29) - getAll method take 169089881 ns to execute
INFO  | 2022-07-23 12:21:31 | [main] util.LogHelper (LogHelper.java:31) - HHH000204: Processing PersistenceUnitInfo [
	name: kr_b1
	...]
INFO  | 2022-07-23 12:21:31 | [main] hibernate.Version (Version.java:45) - HHH000412: Hibernate Core {5.2.9.Final}
INFO  | 2022-07-23 12:21:31 | [main] cfg.Environment (Environment.java:213) - HHH000206: hibernate.properties not found
INFO  | 2022-07-23 12:21:31 | [main] java.JavaReflectionManager (JavaReflectionManager.java:66) - HCANN000001: Hibernate Commons Annotations {5.0.1.Final}
WARN  | 2022-07-23 12:21:31 | [main] internal.DriverManagerConnectionProviderImpl (DriverManagerConnectionProviderImpl.java:70) - HHH10001002: Using Hibernate built-in connection pool (not for production use!)
INFO  | 2022-07-23 12:21:31 | [main] internal.DriverManagerConnectionProviderImpl (DriverManagerConnectionProviderImpl.java:126) - HHH10001005: using driver [org.postgresql.Driver] at URL [jdbc:postgresql://localhost:5432/krbatch1]
INFO  | 2022-07-23 12:21:31 | [main] internal.DriverManagerConnectionProviderImpl (DriverManagerConnectionProviderImpl.java:135) - HHH10001001: Connection properties: {user=postgres, password=****}
INFO  | 2022-07-23 12:21:31 | [main] internal.DriverManagerConnectionProviderImpl (DriverManagerConnectionProviderImpl.java:140) - HHH10001003: Autocommit mode: false
INFO  | 2022-07-23 12:21:31 | [main] internal.PooledConnections (PooledConnections.java:41) - HHH000115: Hibernate connection pool size: 20 (min=1)
INFO  | 2022-07-23 12:21:31 | [main] dialect.Dialect (Dialect.java:157) - HHH000400: Using dialect: org.hibernate.dialect.PostgreSQL81Dialect
INFO  | 2022-07-23 12:21:32 | [main] internal.LobCreatorBuilderImpl (LobCreatorBuilderImpl.java:124) - HHH000424: Disabling contextual LOB creation as createClob() method threw error : java.lang.reflect.InvocationTargetException
INFO  | 2022-07-23 12:21:32 | [main] internal.DdlTransactionIsolatorNonJtaImpl (DdlTransactionIsolatorNonJtaImpl.java:47) - HHH10001501: Connection obtained from JdbcConnectionAccess [org.hibernate.engine.jdbc.env.internal.JdbcEnvironmentInitiator$ConnectionProviderJdbcConnectionAccess@4c5204af] for (non-JTA) DDL execution was not in auto-commit mode; the Connection 'local transaction' will be committed and the Connection will be set into auto-commit mode.
INFO  | 2022-07-23 12:21:32 | [main] internal.QueryTranslatorFactoryInitiator (QueryTranslatorFactoryInitiator.java:47) - HHH000397: Using ASTQueryTranslatorFactory
INFO  | 2022-07-23 12:21:32 | [main] service.EmployeeServiceImpl (EmployeeServiceImpl.java:29) - getAll method take 175497081 ns to execute
INFO  | 2022-07-23 12:21:51 | [main] util.LogHelper (LogHelper.java:31) - HHH000204: Processing PersistenceUnitInfo [
	name: kr_b1
	...]
INFO  | 2022-07-23 12:21:51 | [main] hibernate.Version (Version.java:45) - HHH000412: Hibernate Core {5.2.9.Final}
INFO  | 2022-07-23 12:21:51 | [main] cfg.Environment (Environment.java:213) - HHH000206: hibernate.properties not found
INFO  | 2022-07-23 12:21:51 | [main] java.JavaReflectionManager (JavaReflectionManager.java:66) - HCANN000001: Hibernate Commons Annotations {5.0.1.Final}
WARN  | 2022-07-23 12:21:52 | [main] internal.DriverManagerConnectionProviderImpl (DriverManagerConnectionProviderImpl.java:70) - HHH10001002: Using Hibernate built-in connection pool (not for production use!)
INFO  | 2022-07-23 12:21:52 | [main] internal.DriverManagerConnectionProviderImpl (DriverManagerConnectionProviderImpl.java:126) - HHH10001005: using driver [org.postgresql.Driver] at URL [jdbc:postgresql://localhost:5432/krbatch1]
INFO  | 2022-07-23 12:21:52 | [main] internal.DriverManagerConnectionProviderImpl (DriverManagerConnectionProviderImpl.java:135) - HHH10001001: Connection properties: {user=postgres, password=****}
INFO  | 2022-07-23 12:21:52 | [main] internal.DriverManagerConnectionProviderImpl (DriverManagerConnectionProviderImpl.java:140) - HHH10001003: Autocommit mode: false
INFO  | 2022-07-23 12:21:52 | [main] internal.PooledConnections (PooledConnections.java:41) - HHH000115: Hibernate connection pool size: 20 (min=1)
INFO  | 2022-07-23 12:21:52 | [main] dialect.Dialect (Dialect.java:157) - HHH000400: Using dialect: org.hibernate.dialect.PostgreSQL81Dialect
INFO  | 2022-07-23 12:21:52 | [main] internal.LobCreatorBuilderImpl (LobCreatorBuilderImpl.java:124) - HHH000424: Disabling contextual LOB creation as createClob() method threw error : java.lang.reflect.InvocationTargetException
INFO  | 2022-07-23 12:21:52 | [main] internal.DdlTransactionIsolatorNonJtaImpl (DdlTransactionIsolatorNonJtaImpl.java:47) - HHH10001501: Connection obtained from JdbcConnectionAccess [org.hibernate.engine.jdbc.env.internal.JdbcEnvironmentInitiator$ConnectionProviderJdbcConnectionAccess@4c5204af] for (non-JTA) DDL execution was not in auto-commit mode; the Connection 'local transaction' will be committed and the Connection will be set into auto-commit mode.
INFO  | 2022-07-23 12:21:53 | [main] internal.QueryTranslatorFactoryInitiator (QueryTranslatorFactoryInitiator.java:47) - HHH000397: Using ASTQueryTranslatorFactory
INFO  | 2022-07-23 12:21:53 | [main] service.EmployeeServiceImpl (EmployeeServiceImpl.java:29) - getAll method take 172466626 ns to execute
INFO  | 2022-07-23 12:22:07 | [main] util.LogHelper (LogHelper.java:31) - HHH000204: Processing PersistenceUnitInfo [
	name: kr_b1
	...]
INFO  | 2022-07-23 12:22:07 | [main] hibernate.Version (Version.java:45) - HHH000412: Hibernate Core {5.2.9.Final}
INFO  | 2022-07-23 12:22:07 | [main] cfg.Environment (Environment.java:213) - HHH000206: hibernate.properties not found
INFO  | 2022-07-23 12:22:07 | [main] java.JavaReflectionManager (JavaReflectionManager.java:66) - HCANN000001: Hibernate Commons Annotations {5.0.1.Final}
WARN  | 2022-07-23 12:22:07 | [main] internal.DriverManagerConnectionProviderImpl (DriverManagerConnectionProviderImpl.java:70) - HHH10001002: Using Hibernate built-in connection pool (not for production use!)
INFO  | 2022-07-23 12:22:07 | [main] internal.DriverManagerConnectionProviderImpl (DriverManagerConnectionProviderImpl.java:126) - HHH10001005: using driver [org.postgresql.Driver] at URL [jdbc:postgresql://localhost:5432/krbatch1]
INFO  | 2022-07-23 12:22:07 | [main] internal.DriverManagerConnectionProviderImpl (DriverManagerConnectionProviderImpl.java:135) - HHH10001001: Connection properties: {user=postgres, password=****}
INFO  | 2022-07-23 12:22:07 | [main] internal.DriverManagerConnectionProviderImpl (DriverManagerConnectionProviderImpl.java:140) - HHH10001003: Autocommit mode: false
INFO  | 2022-07-23 12:22:07 | [main] internal.PooledConnections (PooledConnections.java:41) - HHH000115: Hibernate connection pool size: 20 (min=1)
INFO  | 2022-07-23 12:22:08 | [main] dialect.Dialect (Dialect.java:157) - HHH000400: Using dialect: org.hibernate.dialect.PostgreSQL81Dialect
INFO  | 2022-07-23 12:22:08 | [main] internal.LobCreatorBuilderImpl (LobCreatorBuilderImpl.java:124) - HHH000424: Disabling contextual LOB creation as createClob() method threw error : java.lang.reflect.InvocationTargetException
INFO  | 2022-07-23 12:22:08 | [main] internal.DdlTransactionIsolatorNonJtaImpl (DdlTransactionIsolatorNonJtaImpl.java:47) - HHH10001501: Connection obtained from JdbcConnectionAccess [org.hibernate.engine.jdbc.env.internal.JdbcEnvironmentInitiator$ConnectionProviderJdbcConnectionAccess@4c5204af] for (non-JTA) DDL execution was not in auto-commit mode; the Connection 'local transaction' will be committed and the Connection will be set into auto-commit mode.
INFO  | 2022-07-23 12:22:47 | [main] util.LogHelper (LogHelper.java:31) - HHH000204: Processing PersistenceUnitInfo [
	name: kr_b1
	...]
INFO  | 2022-07-23 12:22:48 | [main] hibernate.Version (Version.java:45) - HHH000412: Hibernate Core {5.2.9.Final}
INFO  | 2022-07-23 12:22:48 | [main] cfg.Environment (Environment.java:213) - HHH000206: hibernate.properties not found
INFO  | 2022-07-23 12:22:48 | [main] java.JavaReflectionManager (JavaReflectionManager.java:66) - HCANN000001: Hibernate Commons Annotations {5.0.1.Final}
WARN  | 2022-07-23 12:22:48 | [main] internal.DriverManagerConnectionProviderImpl (DriverManagerConnectionProviderImpl.java:70) - HHH10001002: Using Hibernate built-in connection pool (not for production use!)
INFO  | 2022-07-23 12:22:48 | [main] internal.DriverManagerConnectionProviderImpl (DriverManagerConnectionProviderImpl.java:126) - HHH10001005: using driver [org.postgresql.Driver] at URL [jdbc:postgresql://localhost:5432/krbatch1]
INFO  | 2022-07-23 12:22:48 | [main] internal.DriverManagerConnectionProviderImpl (DriverManagerConnectionProviderImpl.java:135) - HHH10001001: Connection properties: {user=postgres, password=****}
INFO  | 2022-07-23 12:22:48 | [main] internal.DriverManagerConnectionProviderImpl (DriverManagerConnectionProviderImpl.java:140) - HHH10001003: Autocommit mode: false
INFO  | 2022-07-23 12:22:48 | [main] internal.PooledConnections (PooledConnections.java:41) - HHH000115: Hibernate connection pool size: 20 (min=1)
INFO  | 2022-07-23 12:22:48 | [main] dialect.Dialect (Dialect.java:157) - HHH000400: Using dialect: org.hibernate.dialect.PostgreSQL81Dialect
INFO  | 2022-07-23 12:22:48 | [main] internal.LobCreatorBuilderImpl (LobCreatorBuilderImpl.java:124) - HHH000424: Disabling contextual LOB creation as createClob() method threw error : java.lang.reflect.InvocationTargetException
INFO  | 2022-07-23 12:22:49 | [main] internal.DdlTransactionIsolatorNonJtaImpl (DdlTransactionIsolatorNonJtaImpl.java:47) - HHH10001501: Connection obtained from JdbcConnectionAccess [org.hibernate.engine.jdbc.env.internal.JdbcEnvironmentInitiator$ConnectionProviderJdbcConnectionAccess@4c5204af] for (non-JTA) DDL execution was not in auto-commit mode; the Connection 'local transaction' will be committed and the Connection will be set into auto-commit mode.
INFO  | 2022-07-23 12:23:10 | [main] util.LogHelper (LogHelper.java:31) - HHH000204: Processing PersistenceUnitInfo [
	name: kr_b1
	...]
INFO  | 2022-07-23 12:23:10 | [main] hibernate.Version (Version.java:45) - HHH000412: Hibernate Core {5.2.9.Final}
INFO  | 2022-07-23 12:23:10 | [main] cfg.Environment (Environment.java:213) - HHH000206: hibernate.properties not found
INFO  | 2022-07-23 12:23:10 | [main] java.JavaReflectionManager (JavaReflectionManager.java:66) - HCANN000001: Hibernate Commons Annotations {5.0.1.Final}
WARN  | 2022-07-23 12:23:10 | [main] internal.DriverManagerConnectionProviderImpl (DriverManagerConnectionProviderImpl.java:70) - HHH10001002: Using Hibernate built-in connection pool (not for production use!)
INFO  | 2022-07-23 12:23:10 | [main] internal.DriverManagerConnectionProviderImpl (DriverManagerConnectionProviderImpl.java:126) - HHH10001005: using driver [org.postgresql.Driver] at URL [jdbc:postgresql://localhost:5432/krbatch1]
INFO  | 2022-07-23 12:23:10 | [main] internal.DriverManagerConnectionProviderImpl (DriverManagerConnectionProviderImpl.java:135) - HHH10001001: Connection properties: {user=postgres, password=****}
INFO  | 2022-07-23 12:23:10 | [main] internal.DriverManagerConnectionProviderImpl (DriverManagerConnectionProviderImpl.java:140) - HHH10001003: Autocommit mode: false
INFO  | 2022-07-23 12:23:10 | [main] internal.PooledConnections (PooledConnections.java:41) - HHH000115: Hibernate connection pool size: 20 (min=1)
INFO  | 2022-07-23 12:23:10 | [main] dialect.Dialect (Dialect.java:157) - HHH000400: Using dialect: org.hibernate.dialect.PostgreSQL81Dialect
INFO  | 2022-07-23 12:23:10 | [main] internal.LobCreatorBuilderImpl (LobCreatorBuilderImpl.java:124) - HHH000424: Disabling contextual LOB creation as createClob() method threw error : java.lang.reflect.InvocationTargetException
INFO  | 2022-07-23 12:23:11 | [main] internal.DdlTransactionIsolatorNonJtaImpl (DdlTransactionIsolatorNonJtaImpl.java:47) - HHH10001501: Connection obtained from JdbcConnectionAccess [org.hibernate.engine.jdbc.env.internal.JdbcEnvironmentInitiator$ConnectionProviderJdbcConnectionAccess@4c5204af] for (non-JTA) DDL execution was not in auto-commit mode; the Connection 'local transaction' will be committed and the Connection will be set into auto-commit mode.
INFO  | 2022-07-23 12:25:13 | [main] util.LogHelper (LogHelper.java:31) - HHH000204: Processing PersistenceUnitInfo [
	name: kr_b1
	...]
INFO  | 2022-07-23 12:25:13 | [main] hibernate.Version (Version.java:45) - HHH000412: Hibernate Core {5.2.9.Final}
INFO  | 2022-07-23 12:25:13 | [main] cfg.Environment (Environment.java:213) - HHH000206: hibernate.properties not found
INFO  | 2022-07-23 12:25:13 | [main] java.JavaReflectionManager (JavaReflectionManager.java:66) - HCANN000001: Hibernate Commons Annotations {5.0.1.Final}
WARN  | 2022-07-23 12:25:13 | [main] internal.DriverManagerConnectionProviderImpl (DriverManagerConnectionProviderImpl.java:70) - HHH10001002: Using Hibernate built-in connection pool (not for production use!)
INFO  | 2022-07-23 12:25:13 | [main] internal.DriverManagerConnectionProviderImpl (DriverManagerConnectionProviderImpl.java:126) - HHH10001005: using driver [org.postgresql.Driver] at URL [jdbc:postgresql://localhost:5432/krbatch1]
INFO  | 2022-07-23 12:25:13 | [main] internal.DriverManagerConnectionProviderImpl (DriverManagerConnectionProviderImpl.java:135) - HHH10001001: Connection properties: {user=postgres, password=****}
INFO  | 2022-07-23 12:25:13 | [main] internal.DriverManagerConnectionProviderImpl (DriverManagerConnectionProviderImpl.java:140) - HHH10001003: Autocommit mode: false
INFO  | 2022-07-23 12:25:13 | [main] internal.PooledConnections (PooledConnections.java:41) - HHH000115: Hibernate connection pool size: 20 (min=1)
INFO  | 2022-07-23 12:25:14 | [main] dialect.Dialect (Dialect.java:157) - HHH000400: Using dialect: org.hibernate.dialect.PostgreSQL81Dialect
INFO  | 2022-07-23 12:25:14 | [main] internal.LobCreatorBuilderImpl (LobCreatorBuilderImpl.java:124) - HHH000424: Disabling contextual LOB creation as createClob() method threw error : java.lang.reflect.InvocationTargetException
INFO  | 2022-07-23 12:25:14 | [main] internal.DdlTransactionIsolatorNonJtaImpl (DdlTransactionIsolatorNonJtaImpl.java:47) - HHH10001501: Connection obtained from JdbcConnectionAccess [org.hibernate.engine.jdbc.env.internal.JdbcEnvironmentInitiator$ConnectionProviderJdbcConnectionAccess@4c5204af] for (non-JTA) DDL execution was not in auto-commit mode; the Connection 'local transaction' will be committed and the Connection will be set into auto-commit mode.
